Lab9_MyDict/app/build/intermediates/manifest_merge_blame_file/debug/manifest-merger-blame-debug-report.txt
1<?xml version="1.0" encoding="utf-8"?>
2<manifest xmlns:android="http://schemas.android.com/apk/res/android"
3    package="com.example.mydict"
4    android:versionCode="1"
5    android:versionName="1.0" >
6
7    <uses-sdk
8        android:minSdkVersion="26"
8-->src/main/AndroidManifest.xml
9        android:targetSdkVersion="28" />
9-->src/main/AndroidManifest.xml
10
11    <supports-screens>
11-->src/main/AndroidManifest.xml:5:5-12:24
12        android:resizeable="true"
13        android:smallScreens="true"
14        android:normalScreens="true"
15        android:largeScreens="true"
16        android:xlargeScreens="true"
17        android:anyDensity="true"
18    </supports-screens>
19
20    <uses-permission android:name="android.permission.ACCESS_NETWORK_STATE" />
20-->[com.google.firebase:firebase-database:16.0.4] AndroidManifest.xml:22:5-79
20-->[com.google.firebase:firebase-database:16.0.4] AndroidManifest.xml:22:22-76
21    <uses-permission android:name="android.permission.INTERNET" />
21-->[com.google.firebase:firebase-database:16.0.4] AndroidManifest.xml:23:5-67
21-->[com.google.firebase:firebase-database:16.0.4] AndroidManifest.xml:23:22-64
22
23    <application
23-->src/main/AndroidManifest.xml:14:5-33:19
24        android:allowBackup="true"
24-->src/main/AndroidManifest.xml:15:9-35
25        android:appComponentFactory="androidx.core.app.CoreComponentFactory"
25-->[androidx.core:core:1.1.0] AndroidManifest.xml:24:18-86
26        android:debuggable="true"
27        android:extractNativeLibs="false"
28        android:icon="@mipmap/ic_launcher"
28-->src/main/AndroidManifest.xml:16:9-43
29        android:label="@string/app_name"
29-->src/main/AndroidManifest.xml:17:9-41
30        android:roundIcon="@mipmap/ic_launcher_round"
30-->src/main/AndroidManifest.xml:18:9-54
31        android:supportsRtl="true"
31-->src/main/AndroidManifest.xml:19:9-35
32        android:testOnly="true"
33        android:theme="@style/AppTheme" >
33-->src/main/AndroidManifest.xml:20:9-40
34        <activity android:name="com.example.mydict.detailActivity" />
34-->src/main/AndroidManifest.xml:21:9-61
34-->src/main/AndroidManifest.xml:21:19-49
35        <activity android:name="com.example.mydict.newWordActivity" />
35-->src/main/AndroidManifest.xml:22:9-62
35-->src/main/AndroidManifest.xml:22:19-50
36        <activity android:name="com.example.mydict.oldWordActivity" />
36-->src/main/AndroidManifest.xml:23:9-53
36-->src/main/AndroidManifest.xml:23:19-50
37        <activity android:name="com.example.mydict.updateWordActivity" />
37-->src/main/AndroidManifest.xml:24:9-56
37-->src/main/AndroidManifest.xml:24:19-53
38        <activity android:name="com.example.mydict.addWordActivity" />
38-->src/main/AndroidManifest.xml:25:9-53
38-->src/main/AndroidManifest.xml:25:19-50
39        <activity android:name="com.example.mydict.MainActivity" >
39-->src/main/AndroidManifest.xml:26:9-32:20
39-->src/main/AndroidManifest.xml:26:19-47
40            <intent-filter>
40-->src/main/AndroidManifest.xml:27:13-31:29
41                <action android:name="android.intent.action.MAIN" />
41-->src/main/AndroidManifest.xml:28:17-69
41-->src/main/AndroidManifest.xml:28:25-66
42
43                <category android:name="android.intent.category.LAUNCHER" />
43-->src/main/AndroidManifest.xml:30:17-77
43-->src/main/AndroidManifest.xml:30:27-74
44            </intent-filter>
45        </activity>
46        <activity
46-->[com.google.android.gms:play-services-base:16.0.1] AndroidManifest.xml:23:9-26:75
47            android:name="com.google.android.gms.common.api.GoogleApiActivity"
47-->[com.google.android.gms:play-services-base:16.0.1] AndroidManifest.xml:24:13-79
48            android:exported="false"
48-->[com.google.android.gms:play-services-base:16.0.1] AndroidManifest.xml:25:13-37
49            android:theme="@android:style/Theme.Translucent.NoTitleBar" />
49-->[com.google.android.gms:play-services-base:16.0.1] AndroidManifest.xml:26:13-72
50
51        <provider
51-->[com.google.firebase:firebase-common:16.0.3] AndroidManifest.xml:10:9-14:39
52            android:name="com.google.firebase.provider.FirebaseInitProvider"
52-->[com.google.firebase:firebase-common:16.0.3] AndroidManifest.xml:11:13-77
53            android:authorities="com.example.mydict.firebaseinitprovider"
53-->[com.google.firebase:firebase-common:16.0.3] AndroidManifest.xml:12:13-72
54            android:exported="false"
54-->[com.google.firebase:firebase-common:16.0.3] AndroidManifest.xml:13:13-37
55            android:initOrder="100" />
55-->[com.google.firebase:firebase-common:16.0.3] AndroidManifest.xml:14:13-36
56
57        <meta-data
57-->[com.google.android.gms:play-services-basement:16.0.1] AndroidManifest.xml:23:9-25:69
58            android:name="com.google.android.gms.version"
58-->[com.google.android.gms:play-services-basement:16.0.1] AndroidManifest.xml:24:13-58
59            android:value="@integer/google_play_services_version" />
59-->[com.google.android.gms:play-services-basement:16.0.1] AndroidManifest.xml:25:13-66
60    </application>
61
62</manifest>